{"C:\\Users\\pato9\\OneDrive\\Documents\\payment\\payment-checkout\\frontend\\src\\App.tsx": {"path":"C:\\Users\\pato9\\OneDrive\\Documents\\payment\\payment-checkout\\frontend\\src\\App.tsx","statementMap":{"0":{"start":{"line":5,"column":2},"end":{"line":5,"column":25}}},"fnMap":{"0":{"name":"App","decl":{"start":{"line":4,"column":9},"end":{"line":4,"column":12}},"loc":{"start":{"line":4,"column":12},"end":{"line":6,"column":1}}}},"branchMap":{},"s":{"0":0},"f":{"0":0},"b":{}}
,"C:\\Users\\pato9\\OneDrive\\Documents\\payment\\payment-checkout\\frontend\\src\\app\\store.ts": {"path":"C:\\Users\\pato9\\OneDrive\\Documents\\payment\\payment-checkout\\frontend\\src\\app\\store.ts","statementMap":{"0":{"start":{"line":5,"column":21},"end":{"line":10,"column":2}}},"fnMap":{},"branchMap":{},"s":{"0":0},"f":{},"b":{}}
,"C:\\Users\\pato9\\OneDrive\\Documents\\payment\\payment-checkout\\frontend\\src\\components\\CheckoutModal\\CheckoutModal.tsx": {"path":"C:\\Users\\pato9\\OneDrive\\Documents\\payment\\payment-checkout\\frontend\\src\\components\\CheckoutModal\\CheckoutModal.tsx","statementMap":{"0":{"start":{"line":18,"column":17},"end":{"line":18,"column":21}},"1":{"start":{"line":19,"column":21},"end":{"line":19,"column":26}},"2":{"start":{"line":20,"column":29},"end":{"line":20,"column":48}},"3":{"start":{"line":22,"column":44},"end":{"line":35,"column":2}},"4":{"start":{"line":37,"column":26},"end":{"line":60,"column":1}},"5":{"start":{"line":38,"column":17},"end":{"line":38,"column":47}},"6":{"start":{"line":40,"column":2},"end":{"line":42,"column":3}},"7":{"start":{"line":41,"column":4},"end":{"line":41,"column":17}},"8":{"start":{"line":44,"column":16},"end":{"line":57,"column":9}},"9":{"start":{"line":47,"column":18},"end":{"line":47,"column":31}},"10":{"start":{"line":49,"column":6},"end":{"line":54,"column":7}},"11":{"start":{"line":50,"column":8},"end":{"line":50,"column":19}},"12":{"start":{"line":51,"column":8},"end":{"line":53,"column":9}},"13":{"start":{"line":52,"column":10},"end":{"line":52,"column":21}},"14":{"start":{"line":56,"column":6},"end":{"line":56,"column":25}},"15":{"start":{"line":59,"column":2},"end":{"line":59,"column":26}},"16":{"start":{"line":62,"column":21},"end":{"line":77,"column":1}},"17":{"start":{"line":63,"column":38},"end":{"line":63,"column":40}},"18":{"start":{"line":65,"column":2},"end":{"line":65,"column":83}},"19":{"start":{"line":65,"column":33},"end":{"line":65,"column":83}},"20":{"start":{"line":66,"column":2},"end":{"line":66,"column":113}},"21":{"start":{"line":66,"column":50},"end":{"line":66,"column":113}},"22":{"start":{"line":67,"column":2},"end":{"line":67,"column":87}},"23":{"start":{"line":67,"column":34},"end":{"line":67,"column":87}},"24":{"start":{"line":68,"column":2},"end":{"line":68,"column":76}},"25":{"start":{"line":68,"column":28},"end":{"line":68,"column":76}},"26":{"start":{"line":69,"column":2},"end":{"line":69,"column":67}},"27":{"start":{"line":69,"column":25},"end":{"line":69,"column":67}},"28":{"start":{"line":70,"column":2},"end":{"line":70,"column":102}},"29":{"start":{"line":70,"column":43},"end":{"line":70,"column":102}},"30":{"start":{"line":71,"column":2},"end":{"line":71,"column":108}},"31":{"start":{"line":71,"column":41},"end":{"line":71,"column":108}},"32":{"start":{"line":72,"column":2},"end":{"line":72,"column":109}},"33":{"start":{"line":72,"column":61},"end":{"line":72,"column":109}},"34":{"start":{"line":73,"column":2},"end":{"line":73,"column":87}},"35":{"start":{"line":73,"column":37},"end":{"line":73,"column":87}},"36":{"start":{"line":74,"column":2},"end":{"line":74,"column":135}},"37":{"start":{"line":74,"column":69},"end":{"line":74,"column":135}},"38":{"start":{"line":76,"column":2},"end":{"line":76,"column":16}},"39":{"start":{"line":79,"column":53},"end":{"line":256,"column":1}},"40":{"start":{"line":88,"column":4},"end":{"line":88,"column":49}},"41":{"start":{"line":89,"column":32},"end":{"line":89,"column":47}},"42":{"start":{"line":90,"column":40},"end":{"line":90,"column":73}},"43":{"start":{"line":91,"column":42},"end":{"line":91,"column":71}},"44":{"start":{"line":92,"column":26},"end":{"line":92,"column":56}},"45":{"start":{"line":95,"column":23},"end":{"line":120,"column":3}},"46":{"start":{"line":96,"column":28},"end":{"line":96,"column":40}},"47":{"start":{"line":97,"column":23},"end":{"line":101,"column":13}},"48":{"start":{"line":103,"column":4},"end":{"line":105,"column":5}},"49":{"start":{"line":104,"column":6},"end":{"line":104,"column":28}},"50":{"start":{"line":107,"column":4},"end":{"line":110,"column":8}},"51":{"start":{"line":107,"column":34},"end":{"line":110,"column":6}},"52":{"start":{"line":112,"column":4},"end":{"line":119,"column":8}},"53":{"start":{"line":112,"column":31},"end":{"line":119,"column":6}},"54":{"start":{"line":122,"column":2},"end":{"line":126,"column":26}},"55":{"start":{"line":123,"column":4},"end":{"line":125,"column":5}},"56":{"start":{"line":124,"column":6},"end":{"line":124,"column":24}},"57":{"start":{"line":130,"column":2},"end":{"line":152,"column":11}},"58":{"start":{"line":131,"column":28},"end":{"line":131,"column":70}},"59":{"start":{"line":133,"column":6},"end":{"line":135,"column":7}},"60":{"start":{"line":134,"column":8},"end":{"line":134,"column":15}},"61":{"start":{"line":137,"column":21},"end":{"line":137,"column":46}},"62":{"start":{"line":139,"column":6},"end":{"line":147,"column":10}},"63":{"start":{"line":139,"column":33},"end":{"line":147,"column":8}},"64":{"start":{"line":149,"column":6},"end":{"line":151,"column":7}},"65":{"start":{"line":150,"column":8},"end":{"line":150,"column":27}},"66":{"start":{"line":154,"column":2},"end":{"line":175,"column":7}},"67":{"start":{"line":155,"column":6},"end":{"line":166,"column":8}},"68":{"start":{"line":178,"column":22},"end":{"line":185,"column":3}},"69":{"start":{"line":179,"column":4},"end":{"line":179,"column":20}},"70":{"start":{"line":180,"column":4},"end":{"line":180,"column":35}},"71":{"start":{"line":181,"column":4},"end":{"line":181,"column":23}},"72":{"start":{"line":182,"column":4},"end":{"line":182,"column":26}},"73":{"start":{"line":183,"column":4},"end":{"line":183,"column":50}},"74":{"start":{"line":184,"column":4},"end":{"line":184,"column":14}},"75":{"start":{"line":187,"column":21},"end":{"line":189,"column":3}},"76":{"start":{"line":188,"column":4},"end":{"line":188,"column":20}},"77":{"start":{"line":191,"column":23},"end":{"line":206,"column":3}},"78":{"start":{"line":194,"column":4},"end":{"line":194,"column":27}},"79":{"start":{"line":195,"column":19},"end":{"line":195,"column":41}},"80":{"start":{"line":197,"column":4},"end":{"line":200,"column":5}},"81":{"start":{"line":198,"column":6},"end":{"line":198,"column":29}},"82":{"start":{"line":199,"column":6},"end":{"line":199,"column":13}},"83":{"start":{"line":202,"column":4},"end":{"line":205,"column":5}},"84":{"start":{"line":203,"column":6},"end":{"line":203,"column":25}},"85":{"start":{"line":204,"column":6},"end":{"line":204,"column":13}},"86":{"start":{"line":208,"column":24},"end":{"line":234,"column":3}},"87":{"start":{"line":209,"column":4},"end":{"line":209,"column":21}},"88":{"start":{"line":211,"column":4},"end":{"line":233,"column":5}},"89":{"start":{"line":212,"column":6},"end":{"line":217,"column":9}},"90":{"start":{"line":218,"column":6},"end":{"line":218,"column":20}},"91":{"start":{"line":220,"column":6},"end":{"line":220,"column":46}},"92":{"start":{"line":221,"column":24},"end":{"line":223,"column":19}},"93":{"start":{"line":225,"column":6},"end":{"line":229,"column":8}},"94":{"start":{"line":230,"column":6},"end":{"line":230,"column":22}},"95":{"start":{"line":232,"column":6},"end":{"line":232,"column":24}},"96":{"start":{"line":236,"column":2},"end":{"line":255,"column":4}}},"fnMap":{"0":{"name":"(anonymous_0)","decl":{"start":{"line":37,"column":26},"end":{"line":37,"column":27}},"loc":{"start":{"line":37,"column":49},"end":{"line":60,"column":1}}},"1":{"name":"(anonymous_1)","decl":{"start":{"line":46,"column":12},"end":{"line":46,"column":13}},"loc":{"start":{"line":46,"column":34},"end":{"line":57,"column":5}}},"2":{"name":"(anonymous_2)","decl":{"start":{"line":62,"column":21},"end":{"line":62,"column":22}},"loc":{"start":{"line":62,"column":69},"end":{"line":77,"column":1}}},"3":{"name":"(anonymous_3)","decl":{"start":{"line":79,"column":53},"end":{"line":79,"column":54}},"loc":{"start":{"line":86,"column":5},"end":{"line":256,"column":1}}},"4":{"name":"(anonymous_4)","decl":{"start":{"line":95,"column":23},"end":{"line":95,"column":24}},"loc":{"start":{"line":95,"column":85},"end":{"line":120,"column":3}}},"5":{"name":"(anonymous_5)","decl":{"start":{"line":107,"column":19},"end":{"line":107,"column":20}},"loc":{"start":{"line":107,"column":34},"end":{"line":110,"column":6}}},"6":{"name":"(anonymous_6)","decl":{"start":{"line":112,"column":16},"end":{"line":112,"column":17}},"loc":{"start":{"line":112,"column":31},"end":{"line":119,"column":6}}},"7":{"name":"(anonymous_7)","decl":{"start":{"line":122,"column":12},"end":{"line":122,"column":15}},"loc":{"start":{"line":122,"column":17},"end":{"line":126,"column":3}}},"8":{"name":"(anonymous_8)","decl":{"start":{"line":130,"column":12},"end":{"line":130,"column":15}},"loc":{"start":{"line":130,"column":17},"end":{"line":152,"column":5}}},"9":{"name":"(anonymous_9)","decl":{"start":{"line":139,"column":18},"end":{"line":139,"column":19}},"loc":{"start":{"line":139,"column":33},"end":{"line":147,"column":8}}},"10":{"name":"(anonymous_10)","decl":{"start":{"line":154,"column":12},"end":{"line":154,"column":15}},"loc":{"start":{"line":154,"column":17},"end":{"line":167,"column":5}}},"11":{"name":"(anonymous_11)","decl":{"start":{"line":178,"column":22},"end":{"line":178,"column":25}},"loc":{"start":{"line":178,"column":27},"end":{"line":185,"column":3}}},"12":{"name":"(anonymous_12)","decl":{"start":{"line":187,"column":21},"end":{"line":187,"column":24}},"loc":{"start":{"line":187,"column":26},"end":{"line":189,"column":3}}},"13":{"name":"(anonymous_13)","decl":{"start":{"line":191,"column":23},"end":{"line":191,"column":null}},"loc":{"start":{"line":193,"column":6},"end":{"line":206,"column":3}}},"14":{"name":"(anonymous_14)","decl":{"start":{"line":208,"column":24},"end":{"line":208,"column":29}},"loc":{"start":{"line":208,"column":35},"end":{"line":234,"column":3}}}},"branchMap":{"0":{"loc":{"start":{"line":40,"column":2},"end":{"line":42,"column":3}},"type":"if","locations":[{"start":{"line":40,"column":2},"end":{"line":42,"column":3}},{"start":{},"end":{}}]},"1":{"loc":{"start":{"line":49,"column":6},"end":{"line":54,"column":7}},"type":"if","locations":[{"start":{"line":49,"column":6},"end":{"line":54,"column":7}},{"start":{},"end":{}}]},"2":{"loc":{"start":{"line":51,"column":8},"end":{"line":53,"column":9}},"type":"if","locations":[{"start":{"line":51,"column":8},"end":{"line":53,"column":9}},{"start":{},"end":{}}]},"3":{"loc":{"start":{"line":65,"column":2},"end":{"line":65,"column":83}},"type":"if","locations":[{"start":{"line":65,"column":2},"end":{"line":65,"column":83}},{"start":{},"end":{}}]},"4":{"loc":{"start":{"line":66,"column":2},"end":{"line":66,"column":113}},"type":"if","locations":[{"start":{"line":66,"column":2},"end":{"line":66,"column":113}},{"start":{},"end":{}}]},"5":{"loc":{"start":{"line":67,"column":2},"end":{"line":67,"column":87}},"type":"if","locations":[{"start":{"line":67,"column":2},"end":{"line":67,"column":87}},{"start":{},"end":{}}]},"6":{"loc":{"start":{"line":68,"column":2},"end":{"line":68,"column":76}},"type":"if","locations":[{"start":{"line":68,"column":2},"end":{"line":68,"column":76}},{"start":{},"end":{}}]},"7":{"loc":{"start":{"line":69,"column":2},"end":{"line":69,"column":67}},"type":"if","locations":[{"start":{"line":69,"column":2},"end":{"line":69,"column":67}},{"start":{},"end":{}}]},"8":{"loc":{"start":{"line":70,"column":2},"end":{"line":70,"column":102}},"type":"if","locations":[{"start":{"line":70,"column":2},"end":{"line":70,"column":102}},{"start":{},"end":{}}]},"9":{"loc":{"start":{"line":71,"column":2},"end":{"line":71,"column":108}},"type":"if","locations":[{"start":{"line":71,"column":2},"end":{"line":71,"column":108}},{"start":{},"end":{}}]},"10":{"loc":{"start":{"line":72,"column":2},"end":{"line":72,"column":109}},"type":"if","locations":[{"start":{"line":72,"column":2},"end":{"line":72,"column":109}},{"start":{},"end":{}}]},"11":{"loc":{"start":{"line":73,"column":2},"end":{"line":73,"column":87}},"type":"if","locations":[{"start":{"line":73,"column":2},"end":{"line":73,"column":87}},{"start":{},"end":{}}]},"12":{"loc":{"start":{"line":74,"column":2},"end":{"line":74,"column":135}},"type":"if","locations":[{"start":{"line":74,"column":2},"end":{"line":74,"column":135}},{"start":{},"end":{}}]},"13":{"loc":{"start":{"line":74,"column":6},"end":{"line":74,"column":67}},"type":"binary-expr","locations":[{"start":{"line":74,"column":6},"end":{"line":74,"column":42}},{"start":{"line":74,"column":46},"end":{"line":74,"column":67}}]},"14":{"loc":{"start":{"line":103,"column":4},"end":{"line":105,"column":5}},"type":"if","locations":[{"start":{"line":103,"column":4},"end":{"line":105,"column":5}},{"start":{},"end":{}}]},"15":{"loc":{"start":{"line":114,"column":14},"end":{"line":118,"column":17}},"type":"cond-expr","locations":[{"start":{"line":115,"column":10},"end":{"line":115,"column":23}},{"start":{"line":116,"column":10},"end":{"line":118,"column":17}}]},"16":{"loc":{"start":{"line":116,"column":10},"end":{"line":118,"column":17}},"type":"cond-expr","locations":[{"start":{"line":117,"column":12},"end":{"line":117,"column":22}},{"start":{"line":118,"column":12},"end":{"line":118,"column":17}}]},"17":{"loc":{"start":{"line":123,"column":4},"end":{"line":125,"column":5}},"type":"if","locations":[{"start":{"line":123,"column":4},"end":{"line":125,"column":5}},{"start":{},"end":{}}]},"18":{"loc":{"start":{"line":133,"column":6},"end":{"line":135,"column":7}},"type":"if","locations":[{"start":{"line":133,"column":6},"end":{"line":135,"column":7}},{"start":{},"end":{}}]},"19":{"loc":{"start":{"line":141,"column":22},"end":{"line":141,"column":47}},"type":"binary-expr","locations":[{"start":{"line":141,"column":22},"end":{"line":141,"column":41}},{"start":{"line":141,"column":45},"end":{"line":141,"column":47}}]},"20":{"loc":{"start":{"line":142,"column":23},"end":{"line":142,"column":49}},"type":"binary-expr","locations":[{"start":{"line":142,"column":23},"end":{"line":142,"column":43}},{"start":{"line":142,"column":47},"end":{"line":142,"column":49}}]},"21":{"loc":{"start":{"line":143,"column":23},"end":{"line":143,"column":49}},"type":"binary-expr","locations":[{"start":{"line":143,"column":23},"end":{"line":143,"column":43}},{"start":{"line":143,"column":47},"end":{"line":143,"column":49}}]},"22":{"loc":{"start":{"line":144,"column":17},"end":{"line":144,"column":37}},"type":"binary-expr","locations":[{"start":{"line":144,"column":17},"end":{"line":144,"column":31}},{"start":{"line":144,"column":35},"end":{"line":144,"column":37}}]},"23":{"loc":{"start":{"line":145,"column":14},"end":{"line":145,"column":31}},"type":"binary-expr","locations":[{"start":{"line":145,"column":14},"end":{"line":145,"column":25}},{"start":{"line":145,"column":29},"end":{"line":145,"column":31}}]},"24":{"loc":{"start":{"line":146,"column":22},"end":{"line":146,"column":46}},"type":"binary-expr","locations":[{"start":{"line":146,"column":22},"end":{"line":146,"column":41}},{"start":{"line":146,"column":45},"end":{"line":146,"column":46}}]},"25":{"loc":{"start":{"line":149,"column":6},"end":{"line":151,"column":7}},"type":"if","locations":[{"start":{"line":149,"column":6},"end":{"line":151,"column":7}},{"start":{},"end":{}}]},"26":{"loc":{"start":{"line":197,"column":4},"end":{"line":200,"column":5}},"type":"if","locations":[{"start":{"line":197,"column":4},"end":{"line":200,"column":5}},{"start":{},"end":{}}]},"27":{"loc":{"start":{"line":202,"column":4},"end":{"line":205,"column":5}},"type":"if","locations":[{"start":{"line":202,"column":4},"end":{"line":205,"column":5}},{"start":{},"end":{}}]},"28":{"loc":{"start":{"line":221,"column":24},"end":{"line":223,"column":19}},"type":"cond-expr","locations":[{"start":{"line":222,"column":10},"end":{"line":222,"column":60}},{"start":{"line":223,"column":10},"end":{"line":223,"column":19}}]},"29":{"loc":{"start":{"line":226,"column":8},"end":{"line":228,"column":87}},"type":"cond-expr","locations":[{"start":{"line":227,"column":12},"end":{"line":227,"column":105}},{"start":{"line":228,"column":12},"end":{"line":228,"column":87}}]}},"s":{"0":2,"1":2,"2":2,"3":2,"4":2,"5":2,"6":2,"7":1,"8":1,"9":16,"10":16,"11":8,"12":8,"13":0,"14":16,"15":1,"16":2,"17":2,"18":2,"19":1,"20":2,"21":1,"22":2,"23":1,"24":2,"25":1,"26":2,"27":1,"28":2,"29":1,"30":2,"31":1,"32":2,"33":1,"34":2,"35":1,"36":2,"37":0,"38":2,"39":2,"40":15,"41":15,"42":15,"43":15,"44":15,"45":15,"46":9,"47":9,"48":9,"49":1,"50":9,"51":9,"52":9,"53":9,"54":15,"55":3,"56":0,"57":15,"58":3,"59":3,"60":2,"61":1,"62":1,"63":1,"64":1,"65":0,"66":15,"67":9,"68":15,"69":0,"70":0,"71":0,"72":0,"73":0,"74":0,"75":15,"76":0,"77":15,"78":2,"79":2,"80":2,"81":1,"82":1,"83":1,"84":1,"85":1,"86":15,"87":0,"88":0,"89":0,"90":0,"91":0,"92":0,"93":0,"94":0,"95":0,"96":15},"f":{"0":2,"1":16,"2":2,"3":15,"4":9,"5":9,"6":9,"7":3,"8":3,"9":1,"10":9,"11":0,"12":0,"13":2,"14":0},"b":{"0":[1,1],"1":[8,8],"2":[0,8],"3":[1,1],"4":[1,1],"5":[1,1],"6":[1,1],"7":[1,1],"8":[1,1],"9":[1,1],"10":[1,1],"11":[1,1],"12":[0,2],"13":[2,2],"14":[1,8],"15":[0,9],"16":[1,8],"17":[0,3],"18":[2,1],"19":[1,0],"20":[1,0],"21":[1,0],"22":[1,0],"23":[1,0],"24":[1,0],"25":[0,1],"26":[1,1],"27":[1,0],"28":[0,0],"29":[0,0]}}
,"C:\\Users\\pato9\\OneDrive\\Documents\\payment\\payment-checkout\\frontend\\src\\components\\CheckoutModal\\CheckoutModalView.tsx": {"path":"C:\\Users\\pato9\\OneDrive\\Documents\\payment\\payment-checkout\\frontend\\src\\components\\CheckoutModal\\CheckoutModalView.tsx","statementMap":{"0":{"start":{"line":6,"column":55},"end":{"line":16,"column":1}},"1":{"start":{"line":7,"column":2},"end":{"line":9,"column":3}},"2":{"start":{"line":8,"column":4},"end":{"line":8,"column":16}},"3":{"start":{"line":11,"column":2},"end":{"line":15,"column":4}},"4":{"start":{"line":18,"column":61},"end":{"line":500,"column":1}},"5":{"start":{"line":36,"column":2},"end":{"line":38,"column":3}},"6":{"start":{"line":37,"column":4},"end":{"line":37,"column":16}},"7":{"start":{"line":40,"column":2},"end":{"line":499,"column":4}}},"fnMap":{"0":{"name":"(anonymous_0)","decl":{"start":{"line":6,"column":55},"end":{"line":6,"column":56}},"loc":{"start":{"line":6,"column":73},"end":{"line":16,"column":1}}},"1":{"name":"(anonymous_1)","decl":{"start":{"line":18,"column":61},"end":{"line":18,"column":62}},"loc":{"start":{"line":35,"column":5},"end":{"line":500,"column":1}}}},"branchMap":{"0":{"loc":{"start":{"line":7,"column":2},"end":{"line":9,"column":3}},"type":"if","locations":[{"start":{"line":7,"column":2},"end":{"line":9,"column":3}},{"start":{},"end":{}}]},"1":{"loc":{"start":{"line":36,"column":2},"end":{"line":38,"column":3}},"type":"if","locations":[{"start":{"line":36,"column":2},"end":{"line":38,"column":3}},{"start":{},"end":{}}]},"2":{"loc":{"start":{"line":53,"column":13},"end":{"line":53,"column":60}},"type":"cond-expr","locations":[{"start":{"line":53,"column":31},"end":{"line":53,"column":38}},{"start":{"line":53,"column":41},"end":{"line":53,"column":60}}]},"3":{"loc":{"start":{"line":67,"column":9},"end":{"line":378,"column":null}},"type":"binary-expr","locations":[{"start":{"line":67,"column":9},"end":{"line":67,"column":24}},{"start":{"line":68,"column":10},"end":{"line":377,"column":null}}]},"4":{"loc":{"start":{"line":106,"column":34},"end":{"line":106,"column":93}},"type":"cond-expr","locations":[{"start":{"line":106,"column":61},"end":{"line":106,"column":81}},{"start":{"line":106,"column":84},"end":{"line":106,"column":93}}]},"5":{"loc":{"start":{"line":131,"column":34},"end":{"line":131,"column":95}},"type":"cond-expr","locations":[{"start":{"line":131,"column":62},"end":{"line":131,"column":83}},{"start":{"line":131,"column":86},"end":{"line":131,"column":95}}]},"6":{"loc":{"start":{"line":157,"column":34},"end":{"line":157,"column":95}},"type":"cond-expr","locations":[{"start":{"line":157,"column":62},"end":{"line":157,"column":83}},{"start":{"line":157,"column":86},"end":{"line":157,"column":95}}]},"7":{"loc":{"start":{"line":186,"column":34},"end":{"line":186,"column":83}},"type":"cond-expr","locations":[{"start":{"line":186,"column":56},"end":{"line":186,"column":71}},{"start":{"line":186,"column":74},"end":{"line":186,"column":83}}]},"8":{"loc":{"start":{"line":211,"column":34},"end":{"line":211,"column":77}},"type":"cond-expr","locations":[{"start":{"line":211,"column":53},"end":{"line":211,"column":65}},{"start":{"line":211,"column":68},"end":{"line":211,"column":77}}]},"9":{"loc":{"start":{"line":243,"column":34},"end":{"line":243,"column":105}},"type":"cond-expr","locations":[{"start":{"line":243,"column":75},"end":{"line":243,"column":93}},{"start":{"line":243,"column":96},"end":{"line":243,"column":105}}]},"10":{"loc":{"start":{"line":243,"column":34},"end":{"line":243,"column":72}},"type":"binary-expr","locations":[{"start":{"line":243,"column":34},"end":{"line":243,"column":46}},{"start":{"line":243,"column":50},"end":{"line":243,"column":72}}]},"11":{"loc":{"start":{"line":244,"column":38},"end":{"line":244,"column":76}},"type":"binary-expr","locations":[{"start":{"line":244,"column":38},"end":{"line":244,"column":50}},{"start":{"line":244,"column":54},"end":{"line":244,"column":76}}]},"12":{"loc":{"start":{"line":247,"column":33},"end":{"line":247,"column":71}},"type":"binary-expr","locations":[{"start":{"line":247,"column":33},"end":{"line":247,"column":45}},{"start":{"line":247,"column":49},"end":{"line":247,"column":71}}]},"13":{"loc":{"start":{"line":270,"column":34},"end":{"line":270,"column":89}},"type":"cond-expr","locations":[{"start":{"line":270,"column":59},"end":{"line":270,"column":77}},{"start":{"line":270,"column":80},"end":{"line":270,"column":89}}]},"14":{"loc":{"start":{"line":298,"column":36},"end":{"line":298,"column":99}},"type":"cond-expr","locations":[{"start":{"line":298,"column":65},"end":{"line":298,"column":87}},{"start":{"line":298,"column":90},"end":{"line":298,"column":99}}]},"15":{"loc":{"start":{"line":326,"column":36},"end":{"line":326,"column":85}},"type":"cond-expr","locations":[{"start":{"line":326,"column":58},"end":{"line":326,"column":73}},{"start":{"line":326,"column":76},"end":{"line":326,"column":85}}]},"16":{"loc":{"start":{"line":348,"column":34},"end":{"line":348,"column":93}},"type":"cond-expr","locations":[{"start":{"line":348,"column":61},"end":{"line":348,"column":81}},{"start":{"line":348,"column":84},"end":{"line":348,"column":93}}]},"17":{"loc":{"start":{"line":381,"column":9},"end":{"line":457,"column":null}},"type":"binary-expr","locations":[{"start":{"line":381,"column":9},"end":{"line":381,"column":27}},{"start":{"line":382,"column":10},"end":{"line":456,"column":null}}]},"18":{"loc":{"start":{"line":454,"column":17},"end":{"line":454,"column":52}},"type":"cond-expr","locations":[{"start":{"line":454,"column":27},"end":{"line":454,"column":42}},{"start":{"line":454,"column":45},"end":{"line":454,"column":52}}]},"19":{"loc":{"start":{"line":460,"column":9},"end":{"line":495,"column":null}},"type":"binary-expr","locations":[{"start":{"line":460,"column":9},"end":{"line":460,"column":26}},{"start":{"line":460,"column":30},"end":{"line":460,"column":47}},{"start":{"line":461,"column":10},"end":{"line":494,"column":null}}]},"20":{"loc":{"start":{"line":464,"column":17},"end":{"line":466,"column":36}},"type":"cond-expr","locations":[{"start":{"line":465,"column":20},"end":{"line":465,"column":35}},{"start":{"line":466,"column":20},"end":{"line":466,"column":36}}]},"21":{"loc":{"start":{"line":480,"column":17},"end":{"line":482,"column":30}},"type":"cond-expr","locations":[{"start":{"line":481,"column":20},"end":{"line":481,"column":30}},{"start":{"line":482,"column":20},"end":{"line":482,"column":30}}]}},"s":{"0":2,"1":110,"2":65,"3":45,"4":2,"5":15,"6":3,"7":12},"f":{"0":110,"1":15},"b":{"0":[65,45],"1":[3,12],"2":[11,1],"3":[12,11],"4":[1,10],"5":[2,9],"6":[3,8],"7":[4,7],"8":[5,6],"9":[6,5],"10":[11,11],"11":[11,11],"12":[11,11],"13":[7,4],"14":[8,3],"15":[9,2],"16":[0,11],"17":[12,1],"18":[0,1],"19":[12,0,0],"20":[0,0],"21":[0,0]}}
,"C:\\Users\\pato9\\OneDrive\\Documents\\payment\\payment-checkout\\frontend\\src\\components\\ProductCard\\ProductCard.tsx": {"path":"C:\\Users\\pato9\\OneDrive\\Documents\\payment\\payment-checkout\\frontend\\src\\components\\ProductCard\\ProductCard.tsx","statementMap":{"0":{"start":{"line":6,"column":49},"end":{"line":16,"column":1}},"1":{"start":{"line":10,"column":2},"end":{"line":15,"column":4}}},"fnMap":{"0":{"name":"(anonymous_0)","decl":{"start":{"line":6,"column":49},"end":{"line":6,"column":50}},"loc":{"start":{"line":9,"column":5},"end":{"line":16,"column":1}}}},"branchMap":{},"s":{"0":2,"1":4},"f":{"0":4},"b":{}}
,"C:\\Users\\pato9\\OneDrive\\Documents\\payment\\payment-checkout\\frontend\\src\\components\\ProductCard\\ProductCardView.tsx": {"path":"C:\\Users\\pato9\\OneDrive\\Documents\\payment\\payment-checkout\\frontend\\src\\components\\ProductCard\\ProductCardView.tsx","statementMap":{"0":{"start":{"line":4,"column":57},"end":{"line":32,"column":1}},"1":{"start":{"line":8,"column":2},"end":{"line":31,"column":4}},"2":{"start":{"line":25,"column":23},"end":{"line":25,"column":43}}},"fnMap":{"0":{"name":"(anonymous_0)","decl":{"start":{"line":4,"column":57},"end":{"line":4,"column":58}},"loc":{"start":{"line":7,"column":5},"end":{"line":32,"column":1}}},"1":{"name":"(anonymous_1)","decl":{"start":{"line":25,"column":17},"end":{"line":25,"column":20}},"loc":{"start":{"line":25,"column":23},"end":{"line":25,"column":43}}}},"branchMap":{"0":{"loc":{"start":{"line":10,"column":7},"end":{"line":15,"column":null}},"type":"binary-expr","locations":[{"start":{"line":10,"column":7},"end":{"line":10,"column":20}},{"start":{"line":11,"column":8},"end":{"line":14,"column":null}}]},"1":{"loc":{"start":{"line":28,"column":9},"end":{"line":28,"column":63}},"type":"cond-expr","locations":[{"start":{"line":28,"column":29},"end":{"line":28,"column":49}},{"start":{"line":28,"column":52},"end":{"line":28,"column":63}}]}},"s":{"0":2,"1":4,"2":1},"f":{"0":4,"1":1},"b":{"0":[4,0],"1":[3,1]}}
,"C:\\Users\\pato9\\OneDrive\\Documents\\payment\\payment-checkout\\frontend\\src\\components\\TransactionResultModal\\TransactionResultModal.tsx": {"path":"C:\\Users\\pato9\\OneDrive\\Documents\\payment\\payment-checkout\\frontend\\src\\components\\TransactionResultModal\\TransactionResultModal.tsx","statementMap":{"0":{"start":{"line":10,"column":71},"end":{"line":57,"column":1}},"1":{"start":{"line":14,"column":21},"end":{"line":14,"column":47}},"2":{"start":{"line":16,"column":2},"end":{"line":56,"column":4}}},"fnMap":{"0":{"name":"(anonymous_0)","decl":{"start":{"line":10,"column":71},"end":{"line":10,"column":72}},"loc":{"start":{"line":13,"column":5},"end":{"line":57,"column":1}}}},"branchMap":{"0":{"loc":{"start":{"line":25,"column":21},"end":{"line":25,"column":142}},"type":"cond-expr","locations":[{"start":{"line":25,"column":34},"end":{"line":25,"column":66}},{"start":{"line":25,"column":69},"end":{"line":25,"column":142}}]},"1":{"loc":{"start":{"line":27,"column":11},"end":{"line":27,"column":52}},"type":"cond-expr","locations":[{"start":{"line":27,"column":24},"end":{"line":27,"column":36}},{"start":{"line":27,"column":39},"end":{"line":27,"column":52}}]},"2":{"loc":{"start":{"line":31,"column":21},"end":{"line":31,"column":139}},"type":"cond-expr","locations":[{"start":{"line":31,"column":34},"end":{"line":31,"column":65}},{"start":{"line":31,"column":68},"end":{"line":31,"column":139}}]},"3":{"loc":{"start":{"line":34,"column":11},"end":{"line":34,"column":58}},"type":"cond-expr","locations":[{"start":{"line":34,"column":24},"end":{"line":34,"column":39}},{"start":{"line":34,"column":42},"end":{"line":34,"column":58}}]},"4":{"loc":{"start":{"line":38,"column":11},"end":{"line":40,"column":90}},"type":"cond-expr","locations":[{"start":{"line":39,"column":14},"end":{"line":39,"column":59}},{"start":{"line":40,"column":14},"end":{"line":40,"column":90}}]}},"s":{"0":2,"1":2,"2":2},"f":{"0":2},"b":{"0":[1,1],"1":[1,1],"2":[1,1],"3":[1,1],"4":[1,1]}}
,"C:\\Users\\pato9\\OneDrive\\Documents\\payment\\payment-checkout\\frontend\\src\\features\\checkout\\checkoutService.ts": {"path":"C:\\Users\\pato9\\OneDrive\\Documents\\payment\\payment-checkout\\frontend\\src\\features\\checkout\\checkoutService.ts","statementMap":{"0":{"start":{"line":4,"column":2},"end":{"line":4,"column":58}},"1":{"start":{"line":58,"column":31},"end":{"line":91,"column":2}},"2":{"start":{"line":62,"column":21},"end":{"line":64,"column":null}},"3":{"start":{"line":67,"column":4},"end":{"line":67,"column":25}},"4":{"start":{"line":73,"column":21},"end":{"line":75,"column":null}},"5":{"start":{"line":78,"column":4},"end":{"line":78,"column":25}},"6":{"start":{"line":84,"column":21},"end":{"line":86,"column":null}},"7":{"start":{"line":89,"column":4},"end":{"line":89,"column":25}}},"fnMap":{"0":{"name":"(anonymous_0)","decl":{"start":{"line":59,"column":18},"end":{"line":59,"column":23}},"loc":{"start":{"line":61,"column":33},"end":{"line":68,"column":3}}},"1":{"name":"(anonymous_1)","decl":{"start":{"line":70,"column":18},"end":{"line":70,"column":23}},"loc":{"start":{"line":72,"column":33},"end":{"line":79,"column":3}}},"2":{"name":"(anonymous_2)","decl":{"start":{"line":81,"column":21},"end":{"line":81,"column":26}},"loc":{"start":{"line":83,"column":36},"end":{"line":90,"column":3}}}},"branchMap":{"0":{"loc":{"start":{"line":4,"column":2},"end":{"line":4,"column":58}},"type":"binary-expr","locations":[{"start":{"line":4,"column":2},"end":{"line":4,"column":31}},{"start":{"line":4,"column":35},"end":{"line":4,"column":58}}]}},"s":{"0":1,"1":1,"2":1,"3":1,"4":0,"5":0,"6":1,"7":1},"f":{"0":1,"1":0,"2":1},"b":{"0":[1,1]}}
,"C:\\Users\\pato9\\OneDrive\\Documents\\payment\\payment-checkout\\frontend\\src\\features\\checkout\\checkoutSlice.ts": {"path":"C:\\Users\\pato9\\OneDrive\\Documents\\payment\\payment-checkout\\frontend\\src\\features\\checkout\\checkoutSlice.ts","statementMap":{"0":{"start":{"line":10,"column":36},"end":{"line":15,"column":2}},"1":{"start":{"line":17,"column":22},"end":{"line":53,"column":2}},"2":{"start":{"line":27,"column":6},"end":{"line":27,"column":37}},"3":{"start":{"line":34,"column":6},"end":{"line":34,"column":35}},"4":{"start":{"line":41,"column":6},"end":{"line":41,"column":37}},"5":{"start":{"line":48,"column":6},"end":{"line":48,"column":43}},"6":{"start":{"line":51,"column":25},"end":{"line":51,"column":37}},"7":{"start":{"line":61,"column":4},"end":{"line":61,"column":25}}},"fnMap":{"0":{"name":"(anonymous_0)","decl":{"start":{"line":23,"column":24},"end":{"line":23,"column":null}},"loc":{"start":{"line":26,"column":8},"end":{"line":28,"column":5}}},"1":{"name":"(anonymous_1)","decl":{"start":{"line":30,"column":22},"end":{"line":30,"column":null}},"loc":{"start":{"line":33,"column":8},"end":{"line":35,"column":5}}},"2":{"name":"(anonymous_2)","decl":{"start":{"line":37,"column":24},"end":{"line":37,"column":null}},"loc":{"start":{"line":40,"column":8},"end":{"line":42,"column":5}}},"3":{"name":"(anonymous_3)","decl":{"start":{"line":44,"column":22},"end":{"line":44,"column":null}},"loc":{"start":{"line":47,"column":8},"end":{"line":49,"column":5}}},"4":{"name":"(anonymous_4)","decl":{"start":{"line":51,"column":19},"end":{"line":51,"column":22}},"loc":{"start":{"line":51,"column":25},"end":{"line":51,"column":37}}}},"branchMap":{},"s":{"0":1,"1":1,"2":1,"3":1,"4":1,"5":0,"6":1,"7":1},"f":{"0":1,"1":1,"2":1,"3":0,"4":1},"b":{}}
,"C:\\Users\\pato9\\OneDrive\\Documents\\payment\\payment-checkout\\frontend\\src\\features\\checkout\\paymentService.ts": {"path":"C:\\Users\\pato9\\OneDrive\\Documents\\payment\\payment-checkout\\frontend\\src\\features\\checkout\\paymentService.ts","statementMap":{"0":{"start":{"line":3,"column":22},"end":{"line":3,"column":57}},"1":{"start":{"line":4,"column":25},"end":{"line":4,"column":63}},"2":{"start":{"line":36,"column":30},"end":{"line":72,"column":2}},"3":{"start":{"line":40,"column":21},"end":{"line":53,"column":null}},"4":{"start":{"line":56,"column":4},"end":{"line":56,"column":33}},"5":{"start":{"line":60,"column":21},"end":{"line":61,"column":null}},"6":{"start":{"line":64,"column":4},"end":{"line":70,"column":6}}},"fnMap":{"0":{"name":"(anonymous_0)","decl":{"start":{"line":37,"column":16},"end":{"line":37,"column":21}},"loc":{"start":{"line":39,"column":23},"end":{"line":57,"column":3}}},"1":{"name":"(anonymous_1)","decl":{"start":{"line":59,"column":23},"end":{"line":59,"column":28}},"loc":{"start":{"line":59,"column":61},"end":{"line":71,"column":3}}}},"branchMap":{},"s":{"0":1,"1":1,"2":1,"3":1,"4":1,"5":1,"6":1},"f":{"0":1,"1":1},"b":{}}
,"C:\\Users\\pato9\\OneDrive\\Documents\\payment\\payment-checkout\\frontend\\src\\features\\products\\productsService.ts": {"path":"C:\\Users\\pato9\\OneDrive\\Documents\\payment\\payment-checkout\\frontend\\src\\features\\products\\productsService.ts","statementMap":{"0":{"start":{"line":5,"column":2},"end":{"line":5,"column":58}},"1":{"start":{"line":7,"column":31},"end":{"line":23,"column":2}},"2":{"start":{"line":9,"column":21},"end":{"line":10,"column":null}},"3":{"start":{"line":13,"column":4},"end":{"line":13,"column":25}},"4":{"start":{"line":17,"column":21},"end":{"line":18,"column":null}},"5":{"start":{"line":21,"column":4},"end":{"line":21,"column":25}}},"fnMap":{"0":{"name":"(anonymous_0)","decl":{"start":{"line":8,"column":15},"end":{"line":8,"column":20}},"loc":{"start":{"line":8,"column":46},"end":{"line":14,"column":3}}},"1":{"name":"(anonymous_1)","decl":{"start":{"line":16,"column":18},"end":{"line":16,"column":23}},"loc":{"start":{"line":16,"column":57},"end":{"line":22,"column":3}}}},"branchMap":{"0":{"loc":{"start":{"line":5,"column":2},"end":{"line":5,"column":58}},"type":"binary-expr","locations":[{"start":{"line":5,"column":2},"end":{"line":5,"column":31}},{"start":{"line":5,"column":35},"end":{"line":5,"column":58}}]}},"s":{"0":2,"1":2,"2":1,"3":1,"4":1,"5":1},"f":{"0":1,"1":1},"b":{"0":[2,2]}}
,"C:\\Users\\pato9\\OneDrive\\Documents\\payment\\payment-checkout\\frontend\\src\\features\\products\\productsSlice.ts": {"path":"C:\\Users\\pato9\\OneDrive\\Documents\\payment\\payment-checkout\\frontend\\src\\features\\products\\productsSlice.ts","statementMap":{"0":{"start":{"line":21,"column":36},"end":{"line":25,"column":2}},"1":{"start":{"line":27,"column":29},"end":{"line":29,"column":null}},"2":{"start":{"line":32,"column":22},"end":{"line":51,"column":2}},"3":{"start":{"line":37,"column":4},"end":{"line":49,"column":9}},"4":{"start":{"line":39,"column":8},"end":{"line":39,"column":29}},"5":{"start":{"line":40,"column":8},"end":{"line":40,"column":27}},"6":{"start":{"line":43,"column":8},"end":{"line":43,"column":30}},"7":{"start":{"line":44,"column":8},"end":{"line":44,"column":40}},"8":{"start":{"line":47,"column":8},"end":{"line":47,"column":30}},"9":{"start":{"line":48,"column":8},"end":{"line":48,"column":48}}},"fnMap":{"0":{"name":"(anonymous_0)","decl":{"start":{"line":36,"column":17},"end":{"line":36,"column":18}},"loc":{"start":{"line":36,"column":29},"end":{"line":50,"column":3}}},"1":{"name":"(anonymous_1)","decl":{"start":{"line":38,"column":38},"end":{"line":38,"column":39}},"loc":{"start":{"line":38,"column":48},"end":{"line":41,"column":7}}},"2":{"name":"(anonymous_2)","decl":{"start":{"line":42,"column":40},"end":{"line":42,"column":41}},"loc":{"start":{"line":42,"column":58},"end":{"line":45,"column":7}}},"3":{"name":"(anonymous_3)","decl":{"start":{"line":46,"column":39},"end":{"line":46,"column":40}},"loc":{"start":{"line":46,"column":49},"end":{"line":49,"column":7}}}},"branchMap":{},"s":{"0":1,"1":1,"2":1,"3":1,"4":1,"5":1,"6":1,"7":1,"8":1,"9":1},"f":{"0":1,"1":1,"2":1,"3":1},"b":{}}
,"C:\\Users\\pato9\\OneDrive\\Documents\\payment\\payment-checkout\\frontend\\src\\pages\\ProductPage\\ProductPage.tsx": {"path":"C:\\Users\\pato9\\OneDrive\\Documents\\payment\\payment-checkout\\frontend\\src\\pages\\ProductPage\\ProductPage.tsx","statementMap":{"0":{"start":{"line":18,"column":31},"end":{"line":141,"column":1}},"1":{"start":{"line":19,"column":19},"end":{"line":19,"column":45}},"2":{"start":{"line":21,"column":39},"end":{"line":22,"column":null}},"3":{"start":{"line":22,"column":26},"end":{"line":22,"column":40}},"4":{"start":{"line":25,"column":46},"end":{"line":25,"column":61}},"5":{"start":{"line":28,"column":2},"end":{"line":28,"column":44}},"6":{"start":{"line":29,"column":36},"end":{"line":29,"column":60}},"7":{"start":{"line":31,"column":2},"end":{"line":33,"column":17}},"8":{"start":{"line":32,"column":4},"end":{"line":32,"column":30}},"9":{"start":{"line":35,"column":26},"end":{"line":53,"column":3}},"10":{"start":{"line":36,"column":4},"end":{"line":36,"column":31}},"11":{"start":{"line":37,"column":4},"end":{"line":52,"column":7}},"12":{"start":{"line":38,"column":19},"end":{"line":38,"column":93}},"13":{"start":{"line":38,"column":63},"end":{"line":38,"column":92}},"14":{"start":{"line":40,"column":6},"end":{"line":42,"column":7}},"15":{"start":{"line":41,"column":8},"end":{"line":41,"column":55}},"16":{"start":{"line":44,"column":6},"end":{"line":51,"column":8}},"17":{"start":{"line":45,"column":8},"end":{"line":50,"column":20}},"18":{"start":{"line":55,"column":29},"end":{"line":57,"column":3}},"19":{"start":{"line":56,"column":4},"end":{"line":56,"column":28}},"20":{"start":{"line":59,"column":31},"end":{"line":63,"column":3}},"21":{"start":{"line":60,"column":4},"end":{"line":62,"column":6}},"22":{"start":{"line":61,"column":6},"end":{"line":61,"column":62}},"23":{"start":{"line":61,"column":32},"end":{"line":61,"column":61}},"24":{"start":{"line":65,"column":30},"end":{"line":69,"column":3}},"25":{"start":{"line":66,"column":4},"end":{"line":66,"column":29}},"26":{"start":{"line":68,"column":4},"end":{"line":68,"column":36}},"27":{"start":{"line":71,"column":39},"end":{"line":73,"column":3}},"28":{"start":{"line":72,"column":4},"end":{"line":72,"column":31}},"29":{"start":{"line":75,"column":25},"end":{"line":123,"column":1}},"30":{"start":{"line":76,"column":19},"end":{"line":80,"column":4}},"31":{"start":{"line":82,"column":19},"end":{"line":86,"column":4}},"32":{"start":{"line":88,"column":30},"end":{"line":88,"column":60}},"33":{"start":{"line":90,"column":20},"end":{"line":96,"column":4}},"34":{"start":{"line":99,"column":4},"end":{"line":99,"column":46}},"35":{"start":{"line":102,"column":4},"end":{"line":114,"column":6}},"36":{"start":{"line":116,"column":2},"end":{"line":116,"column":36}},"37":{"start":{"line":118,"column":2},"end":{"line":120,"column":3}},"38":{"start":{"line":119,"column":4},"end":{"line":119,"column":21}},"39":{"start":{"line":122,"column":2},"end":{"line":122,"column":43}},"40":{"start":{"line":125,"column":2},"end":{"line":140,"column":4}}},"fnMap":{"0":{"name":"(anonymous_0)","decl":{"start":{"line":18,"column":31},"end":{"line":18,"column":34}},"loc":{"start":{"line":18,"column":36},"end":{"line":141,"column":1}}},"1":{"name":"(anonymous_1)","decl":{"start":{"line":22,"column":4},"end":{"line":22,"column":5}},"loc":{"start":{"line":22,"column":26},"end":{"line":22,"column":40}}},"2":{"name":"(anonymous_2)","decl":{"start":{"line":31,"column":12},"end":{"line":31,"column":15}},"loc":{"start":{"line":31,"column":17},"end":{"line":33,"column":3}}},"3":{"name":"(anonymous_3)","decl":{"start":{"line":35,"column":26},"end":{"line":35,"column":27}},"loc":{"start":{"line":35,"column":47},"end":{"line":53,"column":3}}},"4":{"name":"(anonymous_4)","decl":{"start":{"line":37,"column":17},"end":{"line":37,"column":18}},"loc":{"start":{"line":37,"column":30},"end":{"line":52,"column":5}}},"5":{"name":"(anonymous_5)","decl":{"start":{"line":38,"column":33},"end":{"line":38,"column":34}},"loc":{"start":{"line":38,"column":63},"end":{"line":38,"column":92}}},"6":{"name":"(anonymous_6)","decl":{"start":{"line":44,"column":26},"end":{"line":44,"column":27}},"loc":{"start":{"line":45,"column":8},"end":{"line":50,"column":20}}},"7":{"name":"(anonymous_7)","decl":{"start":{"line":55,"column":29},"end":{"line":55,"column":32}},"loc":{"start":{"line":55,"column":34},"end":{"line":57,"column":3}}},"8":{"name":"(anonymous_8)","decl":{"start":{"line":59,"column":31},"end":{"line":59,"column":32}},"loc":{"start":{"line":59,"column":53},"end":{"line":63,"column":3}}},"9":{"name":"(anonymous_9)","decl":{"start":{"line":60,"column":17},"end":{"line":60,"column":18}},"loc":{"start":{"line":61,"column":6},"end":{"line":61,"column":62}}},"10":{"name":"(anonymous_10)","decl":{"start":{"line":61,"column":22},"end":{"line":61,"column":23}},"loc":{"start":{"line":61,"column":32},"end":{"line":61,"column":61}}},"11":{"name":"(anonymous_11)","decl":{"start":{"line":65,"column":30},"end":{"line":65,"column":35}},"loc":{"start":{"line":65,"column":41},"end":{"line":69,"column":3}}},"12":{"name":"(anonymous_12)","decl":{"start":{"line":71,"column":39},"end":{"line":71,"column":42}},"loc":{"start":{"line":71,"column":44},"end":{"line":73,"column":3}}},"13":{"name":"(anonymous_13)","decl":{"start":{"line":75,"column":25},"end":{"line":75,"column":30}},"loc":{"start":{"line":75,"column":54},"end":{"line":123,"column":1}}}},"branchMap":{"0":{"loc":{"start":{"line":40,"column":6},"end":{"line":42,"column":7}},"type":"if","locations":[{"start":{"line":40,"column":6},"end":{"line":42,"column":7}},{"start":{},"end":{}}]},"1":{"loc":{"start":{"line":45,"column":8},"end":{"line":50,"column":20}},"type":"cond-expr","locations":[{"start":{"line":46,"column":12},"end":{"line":49,"column":null}},{"start":{"line":50,"column":12},"end":{"line":50,"column":20}}]},"2":{"loc":{"start":{"line":118,"column":2},"end":{"line":120,"column":3}},"type":"if","locations":[{"start":{"line":118,"column":2},"end":{"line":120,"column":3}},{"start":{},"end":{}}]}},"s":{"0":0,"1":0,"2":0,"3":0,"4":0,"5":0,"6":0,"7":0,"8":0,"9":0,"10":0,"11":0,"12":0,"13":0,"14":0,"15":0,"16":0,"17":0,"18":0,"19":0,"20":0,"21":0,"22":0,"23":0,"24":0,"25":0,"26":0,"27":0,"28":0,"29":0,"30":0,"31":0,"32":0,"33":0,"34":0,"35":0,"36":0,"37":0,"38":0,"39":0,"40":0},"f":{"0":0,"1":0,"2":0,"3":0,"4":0,"5":0,"6":0,"7":0,"8":0,"9":0,"10":0,"11":0,"12":0,"13":0},"b":{"0":[0,0],"1":[0,0],"2":[0,0]}}
,"C:\\Users\\pato9\\OneDrive\\Documents\\payment\\payment-checkout\\frontend\\src\\pages\\ProductPage\\ProductPageView.tsx": {"path":"C:\\Users\\pato9\\OneDrive\\Documents\\payment\\payment-checkout\\frontend\\src\\pages\\ProductPage\\ProductPageView.tsx","statementMap":{"0":{"start":{"line":7,"column":57},"end":{"line":104,"column":1}},"1":{"start":{"line":21,"column":20},"end":{"line":23,"column":null}},"2":{"start":{"line":22,"column":21},"end":{"line":22,"column":63}},"3":{"start":{"line":26,"column":2},"end":{"line":28,"column":3}},"4":{"start":{"line":27,"column":4},"end":{"line":27,"column":79}},"5":{"start":{"line":30,"column":2},"end":{"line":32,"column":3}},"6":{"start":{"line":31,"column":4},"end":{"line":31,"column":63}},"7":{"start":{"line":34,"column":2},"end":{"line":103,"column":4}},"8":{"start":{"line":42,"column":53},"end":{"line":42,"column":74}},"9":{"start":{"line":51,"column":18},"end":{"line":51,"column":null}},"10":{"start":{"line":58,"column":45},"end":{"line":58,"column":73}},"11":{"start":{"line":73,"column":12},"end":{"line":74,"column":null}},"12":{"start":{"line":87,"column":59},"end":{"line":90,"column":12}}},"fnMap":{"0":{"name":"(anonymous_0)","decl":{"start":{"line":7,"column":57},"end":{"line":7,"column":58}},"loc":{"start":{"line":20,"column":5},"end":{"line":104,"column":1}}},"1":{"name":"(anonymous_1)","decl":{"start":{"line":22,"column":4},"end":{"line":22,"column":5}},"loc":{"start":{"line":22,"column":21},"end":{"line":22,"column":63}}},"2":{"name":"(anonymous_2)","decl":{"start":{"line":42,"column":36},"end":{"line":42,"column":37}},"loc":{"start":{"line":42,"column":53},"end":{"line":42,"column":74}}},"3":{"name":"(anonymous_3)","decl":{"start":{"line":50,"column":31},"end":{"line":50,"column":32}},"loc":{"start":{"line":51,"column":18},"end":{"line":51,"column":null}}},"4":{"name":"(anonymous_4)","decl":{"start":{"line":58,"column":39},"end":{"line":58,"column":42}},"loc":{"start":{"line":58,"column":45},"end":{"line":58,"column":73}}},"5":{"name":"(anonymous_5)","decl":{"start":{"line":72,"column":24},"end":{"line":72,"column":25}},"loc":{"start":{"line":73,"column":12},"end":{"line":74,"column":null}}},"6":{"name":"(anonymous_6)","decl":{"start":{"line":87,"column":31},"end":{"line":87,"column":32}},"loc":{"start":{"line":87,"column":59},"end":{"line":90,"column":12}}}},"branchMap":{"0":{"loc":{"start":{"line":26,"column":2},"end":{"line":28,"column":3}},"type":"if","locations":[{"start":{"line":26,"column":2},"end":{"line":28,"column":3}},{"start":{},"end":{}}]},"1":{"loc":{"start":{"line":30,"column":2},"end":{"line":32,"column":3}},"type":"if","locations":[{"start":{"line":30,"column":2},"end":{"line":32,"column":3}},{"start":{},"end":{}}]},"2":{"loc":{"start":{"line":45,"column":11},"end":{"line":67,"column":null}},"type":"cond-expr","locations":[{"start":{"line":46,"column":12},"end":{"line":46,"column":85}},{"start":{"line":48,"column":12},"end":{"line":66,"column":null}}]},"3":{"loc":{"start":{"line":82,"column":7},"end":{"line":93,"column":null}},"type":"binary-expr","locations":[{"start":{"line":82,"column":7},"end":{"line":82,"column":27}},{"start":{"line":83,"column":8},"end":{"line":92,"column":null}}]},"4":{"loc":{"start":{"line":96,"column":7},"end":{"line":100,"column":null}},"type":"binary-expr","locations":[{"start":{"line":96,"column":7},"end":{"line":96,"column":24}},{"start":{"line":97,"column":8},"end":{"line":99,"column":null}}]}},"s":{"0":1,"1":2,"2":2,"3":2,"4":0,"5":2,"6":0,"7":2,"8":2,"9":2,"10":1,"11":2,"12":2},"f":{"0":2,"1":2,"2":2,"3":2,"4":1,"5":2,"6":2},"b":{"0":[0,2],"1":[0,2],"2":[0,2],"3":[2,2],"4":[2,0]}}
}
