TN:
SF:src\App.tsx
FN:4,App
FNF:1
FNH:0
FNDA:0,App
DA:5,0
LF:1
LH:0
BRF:0
BRH:0
end_of_record
TN:
SF:src\app\store.ts
FNF:0
FNH:0
DA:5,0
LF:1
LH:0
BRF:0
BRH:0
end_of_record
TN:
SF:src\components\CheckoutModal\CheckoutModal.tsx
FN:37,(anonymous_0)
FN:46,(anonymous_1)
FN:62,(anonymous_2)
FN:79,(anonymous_3)
FN:95,(anonymous_4)
FN:107,(anonymous_5)
FN:112,(anonymous_6)
FN:122,(anonymous_7)
FN:130,(anonymous_8)
FN:139,(anonymous_9)
FN:154,(anonymous_10)
FN:178,(anonymous_11)
FN:187,(anonymous_12)
FN:191,(anonymous_13)
FN:208,(anonymous_14)
FNF:15
FNH:12
FNDA:2,(anonymous_0)
FNDA:16,(anonymous_1)
FNDA:2,(anonymous_2)
FNDA:15,(anonymous_3)
FNDA:9,(anonymous_4)
FNDA:9,(anonymous_5)
FNDA:9,(anonymous_6)
FNDA:3,(anonymous_7)
FNDA:3,(anonymous_8)
FNDA:1,(anonymous_9)
FNDA:9,(anonymous_10)
FNDA:0,(anonymous_11)
FNDA:0,(anonymous_12)
FNDA:2,(anonymous_13)
FNDA:0,(anonymous_14)
DA:18,2
DA:19,2
DA:20,2
DA:22,2
DA:37,2
DA:38,2
DA:40,2
DA:41,1
DA:44,1
DA:47,16
DA:49,16
DA:50,8
DA:51,8
DA:52,0
DA:56,16
DA:59,1
DA:62,2
DA:63,2
DA:65,2
DA:66,2
DA:67,2
DA:68,2
DA:69,2
DA:70,2
DA:71,2
DA:72,2
DA:73,2
DA:74,2
DA:76,2
DA:79,2
DA:88,15
DA:89,15
DA:90,15
DA:91,15
DA:92,15
DA:95,15
DA:96,9
DA:97,9
DA:103,9
DA:104,1
DA:107,9
DA:112,9
DA:122,15
DA:123,3
DA:124,0
DA:130,15
DA:131,3
DA:133,3
DA:134,2
DA:137,1
DA:139,1
DA:149,1
DA:150,0
DA:154,15
DA:155,9
DA:178,15
DA:179,0
DA:180,0
DA:181,0
DA:182,0
DA:183,0
DA:184,0
DA:187,15
DA:188,0
DA:191,15
DA:194,2
DA:195,2
DA:197,2
DA:198,1
DA:199,1
DA:202,1
DA:203,1
DA:204,1
DA:208,15
DA:209,0
DA:211,0
DA:212,0
DA:218,0
DA:220,0
DA:221,0
DA:225,0
DA:230,0
DA:232,0
DA:236,15
LF:84
LH:65
BRDA:40,0,0,1
BRDA:40,0,1,1
BRDA:49,1,0,8
BRDA:49,1,1,8
BRDA:51,2,0,0
BRDA:51,2,1,8
BRDA:65,3,0,1
BRDA:65,3,1,1
BRDA:66,4,0,1
BRDA:66,4,1,1
BRDA:67,5,0,1
BRDA:67,5,1,1
BRDA:68,6,0,1
BRDA:68,6,1,1
BRDA:69,7,0,1
BRDA:69,7,1,1
BRDA:70,8,0,1
BRDA:70,8,1,1
BRDA:71,9,0,1
BRDA:71,9,1,1
BRDA:72,10,0,1
BRDA:72,10,1,1
BRDA:73,11,0,1
BRDA:73,11,1,1
BRDA:74,12,0,0
BRDA:74,12,1,2
BRDA:74,13,0,2
BRDA:74,13,1,2
BRDA:103,14,0,1
BRDA:103,14,1,8
BRDA:114,15,0,0
BRDA:114,15,1,9
BRDA:116,16,0,1
BRDA:116,16,1,8
BRDA:123,17,0,0
BRDA:123,17,1,3
BRDA:133,18,0,2
BRDA:133,18,1,1
BRDA:141,19,0,1
BRDA:141,19,1,0
BRDA:142,20,0,1
BRDA:142,20,1,0
BRDA:143,21,0,1
BRDA:143,21,1,0
BRDA:144,22,0,1
BRDA:144,22,1,0
BRDA:145,23,0,1
BRDA:145,23,1,0
BRDA:146,24,0,1
BRDA:146,24,1,0
BRDA:149,25,0,0
BRDA:149,25,1,1
BRDA:197,26,0,1
BRDA:197,26,1,1
BRDA:202,27,0,1
BRDA:202,27,1,0
BRDA:221,28,0,0
BRDA:221,28,1,0
BRDA:226,29,0,0
BRDA:226,29,1,0
BRF:60
BRH:44
end_of_record
TN:
SF:src\components\CheckoutModal\CheckoutModalView.tsx
FN:6,(anonymous_0)
FN:18,(anonymous_1)
FNF:2
FNH:2
FNDA:110,(anonymous_0)
FNDA:15,(anonymous_1)
DA:6,2
DA:7,110
DA:8,65
DA:11,45
DA:18,2
DA:36,15
DA:37,3
DA:40,12
LF:8
LH:8
BRDA:7,0,0,65
BRDA:7,0,1,45
BRDA:36,1,0,3
BRDA:36,1,1,12
BRDA:53,2,0,11
BRDA:53,2,1,1
BRDA:67,3,0,12
BRDA:67,3,1,11
BRDA:106,4,0,1
BRDA:106,4,1,10
BRDA:131,5,0,2
BRDA:131,5,1,9
BRDA:157,6,0,3
BRDA:157,6,1,8
BRDA:186,7,0,4
BRDA:186,7,1,7
BRDA:211,8,0,5
BRDA:211,8,1,6
BRDA:243,9,0,6
BRDA:243,9,1,5
BRDA:243,10,0,11
BRDA:243,10,1,11
BRDA:244,11,0,11
BRDA:244,11,1,11
BRDA:247,12,0,11
BRDA:247,12,1,11
BRDA:270,13,0,7
BRDA:270,13,1,4
BRDA:298,14,0,8
BRDA:298,14,1,3
BRDA:326,15,0,9
BRDA:326,15,1,2
BRDA:348,16,0,0
BRDA:348,16,1,11
BRDA:381,17,0,12
BRDA:381,17,1,1
BRDA:454,18,0,0
BRDA:454,18,1,1
BRDA:460,19,0,12
BRDA:460,19,1,0
BRDA:460,19,2,0
BRDA:464,20,0,0
BRDA:464,20,1,0
BRDA:480,21,0,0
BRDA:480,21,1,0
BRF:45
BRH:37
end_of_record
TN:
SF:src\components\ProductCard\ProductCard.tsx
FN:6,(anonymous_0)
FNF:1
FNH:1
FNDA:4,(anonymous_0)
DA:6,2
DA:10,4
LF:2
LH:2
BRF:0
BRH:0
end_of_record
TN:
SF:src\components\ProductCard\ProductCardView.tsx
FN:4,(anonymous_0)
FN:25,(anonymous_1)
FNF:2
FNH:2
FNDA:4,(anonymous_0)
FNDA:1,(anonymous_1)
DA:4,2
DA:8,4
DA:25,1
LF:3
LH:3
BRDA:10,0,0,4
BRDA:10,0,1,0
BRDA:28,1,0,3
BRDA:28,1,1,1
BRF:4
BRH:3
end_of_record
TN:
SF:src\components\TransactionResultModal\TransactionResultModal.tsx
FN:10,(anonymous_0)
FNF:1
FNH:1
FNDA:2,(anonymous_0)
DA:10,2
DA:14,2
DA:16,2
LF:3
LH:3
BRDA:25,0,0,1
BRDA:25,0,1,1
BRDA:27,1,0,1
BRDA:27,1,1,1
BRDA:31,2,0,1
BRDA:31,2,1,1
BRDA:34,3,0,1
BRDA:34,3,1,1
BRDA:38,4,0,1
BRDA:38,4,1,1
BRF:10
BRH:10
end_of_record
TN:
SF:src\features\checkout\checkoutService.ts
FN:59,(anonymous_0)
FN:70,(anonymous_1)
FN:81,(anonymous_2)
FNF:3
FNH:2
FNDA:1,(anonymous_0)
FNDA:0,(anonymous_1)
FNDA:1,(anonymous_2)
DA:4,1
DA:58,1
DA:62,1
DA:67,1
DA:73,0
DA:78,0
DA:84,1
DA:89,1
LF:8
LH:6
BRDA:4,0,0,1
BRDA:4,0,1,1
BRF:2
BRH:2
end_of_record
TN:
SF:src\features\checkout\checkoutSlice.ts
FN:23,(anonymous_0)
FN:30,(anonymous_1)
FN:37,(anonymous_2)
FN:44,(anonymous_3)
FN:51,(anonymous_4)
FNF:5
FNH:4
FNDA:1,(anonymous_0)
FNDA:1,(anonymous_1)
FNDA:1,(anonymous_2)
FNDA:0,(anonymous_3)
FNDA:1,(anonymous_4)
DA:10,1
DA:17,1
DA:27,1
DA:34,1
DA:41,1
DA:48,0
DA:51,1
DA:61,1
LF:8
LH:7
BRF:0
BRH:0
end_of_record
TN:
SF:src\features\checkout\paymentService.ts
FN:37,(anonymous_0)
FN:59,(anonymous_1)
FNF:2
FNH:2
FNDA:1,(anonymous_0)
FNDA:1,(anonymous_1)
DA:3,1
DA:4,1
DA:36,1
DA:40,1
DA:56,1
DA:60,1
DA:64,1
LF:7
LH:7
BRF:0
BRH:0
end_of_record
TN:
SF:src\features\products\productsService.ts
FN:8,(anonymous_0)
FN:16,(anonymous_1)
FNF:2
FNH:2
FNDA:1,(anonymous_0)
FNDA:1,(anonymous_1)
DA:5,2
DA:7,2
DA:9,1
DA:13,1
DA:17,1
DA:21,1
LF:6
LH:6
BRDA:5,0,0,2
BRDA:5,0,1,2
BRF:2
BRH:2
end_of_record
TN:
SF:src\features\products\productsSlice.ts
FN:36,(anonymous_0)
FN:38,(anonymous_1)
FN:42,(anonymous_2)
FN:46,(anonymous_3)
FNF:4
FNH:4
FNDA:1,(anonymous_0)
FNDA:1,(anonymous_1)
FNDA:1,(anonymous_2)
FNDA:1,(anonymous_3)
DA:21,1
DA:27,1
DA:32,1
DA:37,1
DA:39,1
DA:40,1
DA:43,1
DA:44,1
DA:47,1
DA:48,1
LF:10
LH:10
BRF:0
BRH:0
end_of_record
TN:
SF:src\pages\ProductPage\ProductPage.tsx
FN:18,(anonymous_0)
FN:22,(anonymous_1)
FN:31,(anonymous_2)
FN:35,(anonymous_3)
FN:37,(anonymous_4)
FN:38,(anonymous_5)
FN:44,(anonymous_6)
FN:55,(anonymous_7)
FN:59,(anonymous_8)
FN:60,(anonymous_9)
FN:61,(anonymous_10)
FN:65,(anonymous_11)
FN:71,(anonymous_12)
FN:75,(anonymous_13)
FNF:14
FNH:0
FNDA:0,(anonymous_0)
FNDA:0,(anonymous_1)
FNDA:0,(anonymous_2)
FNDA:0,(anonymous_3)
FNDA:0,(anonymous_4)
FNDA:0,(anonymous_5)
FNDA:0,(anonymous_6)
FNDA:0,(anonymous_7)
FNDA:0,(anonymous_8)
FNDA:0,(anonymous_9)
FNDA:0,(anonymous_10)
FNDA:0,(anonymous_11)
FNDA:0,(anonymous_12)
FNDA:0,(anonymous_13)
DA:18,0
DA:19,0
DA:21,0
DA:22,0
DA:25,0
DA:28,0
DA:29,0
DA:31,0
DA:32,0
DA:35,0
DA:36,0
DA:37,0
DA:38,0
DA:40,0
DA:41,0
DA:44,0
DA:45,0
DA:55,0
DA:56,0
DA:59,0
DA:60,0
DA:61,0
DA:65,0
DA:66,0
DA:68,0
DA:71,0
DA:72,0
DA:75,0
DA:76,0
DA:82,0
DA:88,0
DA:90,0
DA:99,0
DA:102,0
DA:116,0
DA:118,0
DA:119,0
DA:122,0
DA:125,0
LF:39
LH:0
BRDA:40,0,0,0
BRDA:40,0,1,0
BRDA:45,1,0,0
BRDA:45,1,1,0
BRDA:118,2,0,0
BRDA:118,2,1,0
BRF:6
BRH:0
end_of_record
TN:
SF:src\pages\ProductPage\ProductPageView.tsx
FN:7,(anonymous_0)
FN:22,(anonymous_1)
FN:42,(anonymous_2)
FN:50,(anonymous_3)
FN:58,(anonymous_4)
FN:72,(anonymous_5)
FN:87,(anonymous_6)
FNF:7
FNH:7
FNDA:2,(anonymous_0)
FNDA:2,(anonymous_1)
FNDA:2,(anonymous_2)
FNDA:2,(anonymous_3)
FNDA:1,(anonymous_4)
FNDA:2,(anonymous_5)
FNDA:2,(anonymous_6)
DA:7,1
DA:21,2
DA:22,2
DA:26,2
DA:27,0
DA:30,2
DA:31,0
DA:34,2
DA:42,2
DA:51,2
DA:58,1
DA:73,2
DA:87,2
LF:13
LH:11
BRDA:26,0,0,0
BRDA:26,0,1,2
BRDA:30,1,0,0
BRDA:30,1,1,2
BRDA:45,2,0,0
BRDA:45,2,1,2
BRDA:82,3,0,2
BRDA:82,3,1,2
BRDA:96,4,0,2
BRDA:96,4,1,0
BRF:10
BRH:6
end_of_record
