TN:
SF:src\App.tsx
FN:4,App
FNF:1
FNH:1
FNDA:1,App
DA:5,1
LF:1
LH:1
BRF:0
BRH:0
end_of_record
TN:
SF:src\app\store.ts
FNF:0
FNH:0
DA:5,2
LF:1
LH:1
BRF:0
BRH:0
end_of_record
TN:
SF:src\components\CheckoutModal\CheckoutModal.tsx
FN:37,(anonymous_0)
FN:46,(anonymous_1)
FN:62,(anonymous_2)
FN:79,(anonymous_3)
FN:95,(anonymous_4)
FN:107,(anonymous_5)
FN:112,(anonymous_6)
FN:122,(anonymous_7)
FN:130,(anonymous_8)
FN:139,(anonymous_9)
FN:154,(anonymous_10)
FN:178,(anonymous_11)
FN:187,(anonymous_12)
FN:191,(anonymous_13)
FN:208,(anonymous_14)
FNF:15
FNH:14
FNDA:3,(anonymous_0)
FNDA:32,(anonymous_1)
FNDA:3,(anonymous_2)
FNDA:30,(anonymous_3)
FNDA:18,(anonymous_4)
FNDA:18,(anonymous_5)
FNDA:18,(anonymous_6)
FNDA:5,(anonymous_7)
FNDA:5,(anonymous_8)
FNDA:2,(anonymous_9)
FNDA:17,(anonymous_10)
FNDA:1,(anonymous_11)
FNDA:0,(anonymous_12)
FNDA:3,(anonymous_13)
FNDA:1,(anonymous_14)
DA:18,4
DA:19,4
DA:20,4
DA:22,4
DA:37,4
DA:38,3
DA:40,3
DA:41,1
DA:44,2
DA:47,32
DA:49,32
DA:50,16
DA:51,16
DA:52,0
DA:56,32
DA:59,2
DA:62,4
DA:63,3
DA:65,3
DA:66,3
DA:67,3
DA:68,3
DA:69,3
DA:70,3
DA:71,3
DA:72,3
DA:73,3
DA:74,3
DA:76,3
DA:79,4
DA:88,30
DA:89,30
DA:90,30
DA:91,30
DA:92,30
DA:95,30
DA:96,18
DA:97,18
DA:103,18
DA:104,2
DA:107,18
DA:112,18
DA:122,30
DA:123,5
DA:124,0
DA:130,30
DA:131,5
DA:133,5
DA:134,3
DA:137,2
DA:139,2
DA:149,2
DA:150,0
DA:154,30
DA:155,17
DA:178,30
DA:179,1
DA:180,1
DA:181,1
DA:182,1
DA:183,1
DA:184,1
DA:187,30
DA:188,0
DA:191,30
DA:194,3
DA:195,3
DA:197,3
DA:198,1
DA:199,1
DA:202,2
DA:203,2
DA:204,2
DA:208,30
DA:209,1
DA:211,1
DA:212,1
DA:218,1
DA:220,0
DA:221,0
DA:225,0
DA:230,0
DA:232,1
DA:236,30
LF:84
LH:76
BRDA:40,0,0,1
BRDA:40,0,1,2
BRDA:49,1,0,16
BRDA:49,1,1,16
BRDA:51,2,0,0
BRDA:51,2,1,16
BRDA:65,3,0,1
BRDA:65,3,1,2
BRDA:66,4,0,1
BRDA:66,4,1,2
BRDA:67,5,0,1
BRDA:67,5,1,2
BRDA:68,6,0,1
BRDA:68,6,1,2
BRDA:69,7,0,1
BRDA:69,7,1,2
BRDA:70,8,0,1
BRDA:70,8,1,2
BRDA:71,9,0,1
BRDA:71,9,1,2
BRDA:72,10,0,1
BRDA:72,10,1,2
BRDA:73,11,0,1
BRDA:73,11,1,2
BRDA:74,12,0,0
BRDA:74,12,1,3
BRDA:74,13,0,3
BRDA:74,13,1,3
BRDA:103,14,0,2
BRDA:103,14,1,16
BRDA:114,15,0,0
BRDA:114,15,1,18
BRDA:116,16,0,2
BRDA:116,16,1,16
BRDA:123,17,0,0
BRDA:123,17,1,5
BRDA:133,18,0,3
BRDA:133,18,1,2
BRDA:141,19,0,2
BRDA:141,19,1,0
BRDA:142,20,0,2
BRDA:142,20,1,0
BRDA:143,21,0,2
BRDA:143,21,1,0
BRDA:144,22,0,2
BRDA:144,22,1,0
BRDA:145,23,0,2
BRDA:145,23,1,0
BRDA:146,24,0,2
BRDA:146,24,1,0
BRDA:149,25,0,0
BRDA:149,25,1,2
BRDA:197,26,0,1
BRDA:197,26,1,2
BRDA:202,27,0,2
BRDA:202,27,1,0
BRDA:221,28,0,0
BRDA:221,28,1,0
BRDA:226,29,0,0
BRDA:226,29,1,0
BRF:60
BRH:44
end_of_record
TN:
SF:src\components\CheckoutModal\CheckoutModalView.tsx
FN:6,(anonymous_0)
FN:18,(anonymous_1)
FNF:2
FNH:2
FNDA:210,(anonymous_0)
FNDA:30,(anonymous_1)
DA:6,4
DA:7,210
DA:8,165
DA:11,45
DA:18,4
DA:36,30
DA:37,6
DA:40,24
LF:8
LH:8
BRDA:7,0,0,165
BRDA:7,0,1,45
BRDA:36,1,0,6
BRDA:36,1,1,24
BRDA:53,2,0,21
BRDA:53,2,1,3
BRDA:67,3,0,24
BRDA:67,3,1,21
BRDA:106,4,0,1
BRDA:106,4,1,20
BRDA:131,5,0,2
BRDA:131,5,1,19
BRDA:157,6,0,3
BRDA:157,6,1,18
BRDA:186,7,0,4
BRDA:186,7,1,17
BRDA:211,8,0,5
BRDA:211,8,1,16
BRDA:243,9,0,6
BRDA:243,9,1,15
BRDA:243,10,0,21
BRDA:243,10,1,21
BRDA:244,11,0,21
BRDA:244,11,1,21
BRDA:247,12,0,21
BRDA:247,12,1,21
BRDA:270,13,0,7
BRDA:270,13,1,14
BRDA:298,14,0,8
BRDA:298,14,1,13
BRDA:326,15,0,9
BRDA:326,15,1,12
BRDA:348,16,0,0
BRDA:348,16,1,21
BRDA:381,17,0,24
BRDA:381,17,1,3
BRDA:454,18,0,1
BRDA:454,18,1,2
BRDA:460,19,0,24
BRDA:460,19,1,0
BRDA:460,19,2,0
BRDA:464,20,0,0
BRDA:464,20,1,0
BRDA:480,21,0,0
BRDA:480,21,1,0
BRF:45
BRH:38
end_of_record
TN:
SF:src\components\ProductCard\ProductCard.tsx
FN:6,(anonymous_0)
FNF:1
FNH:1
FNDA:11,(anonymous_0)
DA:6,4
DA:10,11
LF:2
LH:2
BRF:0
BRH:0
end_of_record
TN:
SF:src\components\ProductCard\ProductCardView.tsx
FN:4,(anonymous_0)
FN:25,(anonymous_1)
FNF:2
FNH:2
FNDA:11,(anonymous_0)
FNDA:3,(anonymous_1)
DA:4,4
DA:8,11
DA:25,3
LF:3
LH:3
BRDA:10,0,0,11
BRDA:10,0,1,0
BRDA:28,1,0,10
BRDA:28,1,1,1
BRF:4
BRH:3
end_of_record
TN:
SF:src\components\TransactionResultModal\TransactionResultModal.tsx
FN:10,(anonymous_0)
FNF:1
FNH:1
FNDA:3,(anonymous_0)
DA:10,4
DA:14,3
DA:16,3
LF:3
LH:3
BRDA:25,0,0,2
BRDA:25,0,1,1
BRDA:27,1,0,2
BRDA:27,1,1,1
BRDA:31,2,0,2
BRDA:31,2,1,1
BRDA:34,3,0,2
BRDA:34,3,1,1
BRDA:38,4,0,2
BRDA:38,4,1,1
BRF:10
BRH:10
end_of_record
TN:
SF:src\features\checkout\checkoutService.ts
FN:59,(anonymous_0)
FN:70,(anonymous_1)
FN:81,(anonymous_2)
FNF:3
FNH:3
FNDA:2,(anonymous_0)
FNDA:2,(anonymous_1)
FNDA:2,(anonymous_2)
DA:4,3
DA:58,3
DA:62,2
DA:67,2
DA:73,2
DA:78,2
DA:84,2
DA:89,2
LF:8
LH:8
BRDA:4,0,0,3
BRDA:4,0,1,3
BRF:2
BRH:2
end_of_record
TN:
SF:src\features\checkout\checkoutSlice.ts
FN:23,(anonymous_0)
FN:30,(anonymous_1)
FN:37,(anonymous_2)
FN:44,(anonymous_3)
FN:51,(anonymous_4)
FNF:5
FNH:5
FNDA:1,(anonymous_0)
FNDA:1,(anonymous_1)
FNDA:1,(anonymous_2)
FNDA:1,(anonymous_3)
FNDA:1,(anonymous_4)
DA:10,3
DA:17,3
DA:27,1
DA:34,1
DA:41,1
DA:48,1
DA:51,1
DA:61,3
LF:8
LH:8
BRF:0
BRH:0
end_of_record
TN:
SF:src\features\checkout\paymentService.ts
FN:37,(anonymous_0)
FN:59,(anonymous_1)
FNF:2
FNH:2
FNDA:2,(anonymous_0)
FNDA:2,(anonymous_1)
DA:3,3
DA:4,3
DA:36,3
DA:40,2
DA:56,2
DA:60,2
DA:64,2
LF:7
LH:7
BRF:0
BRH:0
end_of_record
TN:
SF:src\features\products\productsService.ts
FN:8,(anonymous_0)
FN:16,(anonymous_1)
FNF:2
FNH:2
FNDA:5,(anonymous_0)
FNDA:1,(anonymous_1)
DA:5,4
DA:7,4
DA:9,5
DA:13,4
DA:17,1
DA:21,1
LF:6
LH:6
BRDA:5,0,0,4
BRDA:5,0,1,4
BRF:2
BRH:2
end_of_record
TN:
SF:src\features\products\productsSlice.ts
FN:36,(anonymous_0)
FN:38,(anonymous_1)
FN:42,(anonymous_2)
FN:46,(anonymous_3)
FNF:4
FNH:4
FNDA:3,(anonymous_0)
FNDA:5,(anonymous_1)
FNDA:4,(anonymous_2)
FNDA:1,(anonymous_3)
DA:21,3
DA:27,3
DA:32,3
DA:37,3
DA:39,5
DA:40,5
DA:43,4
DA:44,4
DA:47,1
DA:48,1
LF:10
LH:10
BRF:0
BRH:0
end_of_record
TN:
SF:src\pages\ProductPage\ProductPage.tsx
FN:18,(anonymous_0)
FN:22,(anonymous_1)
FN:31,(anonymous_2)
FN:35,(anonymous_3)
FN:37,(anonymous_4)
FN:38,(anonymous_5)
FN:44,(anonymous_6)
FN:55,(anonymous_7)
FN:59,(anonymous_8)
FN:60,(anonymous_9)
FN:61,(anonymous_10)
FN:65,(anonymous_11)
FN:71,(anonymous_12)
FN:75,(anonymous_13)
FNF:14
FNH:8
FNDA:13,(anonymous_0)
FNDA:23,(anonymous_1)
FNDA:3,(anonymous_2)
FNDA:2,(anonymous_3)
FNDA:2,(anonymous_4)
FNDA:0,(anonymous_5)
FNDA:0,(anonymous_6)
FNDA:1,(anonymous_7)
FNDA:0,(anonymous_8)
FNDA:0,(anonymous_9)
FNDA:0,(anonymous_10)
FNDA:1,(anonymous_11)
FNDA:0,(anonymous_12)
FNDA:1,(anonymous_13)
DA:18,2
DA:19,13
DA:21,13
DA:22,23
DA:25,13
DA:28,13
DA:29,13
DA:31,13
DA:32,3
DA:35,13
DA:36,2
DA:37,2
DA:38,2
DA:40,2
DA:41,2
DA:44,0
DA:45,0
DA:55,13
DA:56,1
DA:59,13
DA:60,0
DA:61,0
DA:65,13
DA:66,1
DA:68,1
DA:71,13
DA:72,0
DA:75,13
DA:76,1
DA:82,1
DA:88,1
DA:90,1
DA:99,1
DA:102,1
DA:116,1
DA:118,1
DA:119,1
DA:122,1
DA:125,13
LF:39
LH:34
BRDA:40,0,0,2
BRDA:40,0,1,0
BRDA:45,1,0,0
BRDA:45,1,1,0
BRDA:118,2,0,1
BRDA:118,2,1,0
BRF:6
BRH:2
end_of_record
TN:
SF:src\pages\ProductPage\ProductPageView.tsx
FN:7,(anonymous_0)
FN:22,(anonymous_1)
FN:42,(anonymous_2)
FN:50,(anonymous_3)
FN:58,(anonymous_4)
FN:72,(anonymous_5)
FN:87,(anonymous_6)
FNF:7
FNH:7
FNDA:15,(anonymous_0)
FNDA:5,(anonymous_1)
FNDA:5,(anonymous_2)
FNDA:5,(anonymous_3)
FNDA:1,(anonymous_4)
FNDA:9,(anonymous_5)
FNDA:5,(anonymous_6)
DA:7,3
DA:21,15
DA:22,5
DA:26,15
DA:27,4
DA:30,11
DA:31,0
DA:34,11
DA:42,5
DA:51,5
DA:58,1
DA:73,9
DA:87,5
LF:13
LH:12
BRDA:26,0,0,4
BRDA:26,0,1,11
BRDA:30,1,0,0
BRDA:30,1,1,11
BRDA:45,2,0,6
BRDA:45,2,1,5
BRDA:82,3,0,11
BRDA:82,3,1,5
BRDA:96,4,0,11
BRDA:96,4,1,1
BRF:10
BRH:9
end_of_record
